<?xml version="1.0" encoding="UTF-8"?>
<!-- Generated by org.testng.reporters.JUnitReportReporter -->
<testsuite name="com.rms.test.TestResourceAllocation" tests="1" time="16.881" ignored="0" failures="0" timestamp="08 Jul 2019 10:26:36 GMT" skipped="0" hostname="iris-csg-672" errors="0">
  <testcase name="VerifyResourceAllocationLandingPage" time="16.881" classname="com.rms.test.TestResourceAllocation"/>
</testsuite> <!-- com.rms.test.TestResourceAllocation -->
