<?xml version="1.0" encoding="UTF-8"?>
<!-- Generated by org.testng.reporters.JUnitReportReporter -->
<testsuite name="com.rms.test.TestResourceAssignment" tests="1" time="23.892" ignored="0" failures="0" timestamp="08 Jul 2019 10:26:36 GMT" skipped="0" hostname="iris-csg-672" errors="0">
  <testcase name="VerifyResourceAssignmentLandingPage" time="23.892" classname="com.rms.test.TestResourceAssignment"/>
</testsuite> <!-- com.rms.test.TestResourceAssignment -->
