<?xml version="1.0" encoding="UTF-8"?>
<!-- Generated by org.testng.reporters.JUnitReportReporter -->
<testsuite name="com.rms.test.TestManageresource" tests="4" time="135.621" ignored="0" failures="0" timestamp="09 Jul 2019 08:49:53 GMT" skipped="0" hostname="iris-csg-672" errors="0">
  <testcase name="VerifyManageDepartmentFunationality" time="40.414" classname="com.rms.test.TestManageresource"/>
  <testcase name="VerifyManageResourceSearchTest" time="35.904" classname="com.rms.test.TestManageresource"/>
  <testcase name="VerifyResourceAllocationHistoryPage" time="31.430" classname="com.rms.test.TestManageresource"/>
  <testcase name="VerifyManageResourceLandingPage" time="27.873" classname="com.rms.test.TestManageresource"/>
</testsuite> <!-- com.rms.test.TestManageresource -->
