<?xml version="1.0" encoding="UTF-8"?>
<!-- Generated by org.testng.reporters.JUnitReportReporter -->
<testsuite hostname="DESKTOP-RBI5D7O" failures="0" tests="1" name="com.rms.test.OrderManagement" time="368.784" errors="0" timestamp="03 Oct 2020 14:39:38 GMT" skipped="0">
  <testcase classname="com.rms.test.OrderManagement" name="setUp" time="368.784"/>
</testsuite> <!-- com.rms.test.OrderManagement -->
